<?xml version="1.0" encoding="UTF-8"?>
<testsuite xmlns:xsi="http://www.w3.org/2001/XMLSchema-instance" xsi:noNamespaceSchemaLocation="https://maven.apache.org/surefire/maven-surefire-plugin/xsd/surefire-test-report.xsd" name="todolist.entity.AssignUserTest" time="0.415" tests="3" errors="0" skipped="0" failures="0">
  <properties>
[...]
</properties>
  <testcase name="shouldCreateAssignUserUsingBuilder" classname="todolist.entity.AssignUserTest" time="0.409"/>
  <testcase name="shouldCreateAssignUserUsingAllArgsConstructor" classname="todolist.entity.AssignUserTest" time="0"/>
  <testcase name="shouldCreateAssignUserUsingNoArgsConstructorAndSetters" classname="todolist.entity.AssignUserTest" time="0"/>
</testsuite>